[2013-06-04T21:08:54+02:00] LibXmlRpc_BeginRound
[2013-06-04T21:08:54+02:00] Array
(
    [0] => 1
)

[2013-06-04T21:08:54+02:00] LibXmlRpc_BeginTurn
[2013-06-04T21:08:54+02:00] Array
(
    [0] => 1
)

[2013-06-04T21:08:54+02:00] startTurn
[2013-06-04T21:08:54+02:00] 1
[2013-06-04T21:08:54+02:00] BeginWarmup
[2013-06-04T21:08:54+02:00] {
	"Timestamp": 141080,
	"AllReady": false }
[2013-06-04T21:09:02+02:00] LibXmlRpc_BeginMatch
[2013-06-04T21:09:02+02:00] Array
(
    [0] => 1
)

[2013-06-04T21:09:02+02:00] BeginMatch
[2013-06-04T21:09:02+02:00] {
	"Timestamp": 148400,
	"MatchNumber": 1 }
[2013-06-04T21:09:02+02:00] LibXmlRpc_BeginMap
[2013-06-04T21:09:02+02:00] Array
(
    [0] => 1
)

[2013-06-04T21:09:02+02:00] BeginMap
[2013-06-04T21:09:02+02:00] {
	"Timestamp": 149660,
	"MapNumber": 1 }
[2013-06-04T21:09:02+02:00] LibXmlRpc_BeginRound
[2013-06-04T21:09:02+02:00] Array
(
    [0] => 1
)

[2013-06-04T21:09:02+02:00] LibXmlRpc_BeginTurn
[2013-06-04T21:09:02+02:00] Array
(
    [0] => 1
)

[2013-06-04T21:09:02+02:00] startTurn
[2013-06-04T21:09:02+02:00] 1
[2013-06-04T21:09:02+02:00] BeginWarmup
[2013-06-04T21:09:02+02:00] {
	"Timestamp": 150730,
	"AllReady": false }
[2013-06-04T21:09:10+02:00] LibXmlRpc_BeginTurn
[2013-06-04T21:09:10+02:00] Array
(
    [0] => 1
)

[2013-06-04T21:09:10+02:00] startTurn
[2013-06-04T21:09:10+02:00] 1
[2013-06-04T21:09:18+02:00] BeginWarmup
[2013-06-04T21:09:18+02:00] {
	"Timestamp": 164930,
	"AllReady": false }
[2013-06-04T21:09:26+02:00] LibXmlRpc_BeginTurn
[2013-06-04T21:09:26+02:00] Array
(
    [0] => 1
)

[2013-06-04T21:09:26+02:00] startTurn
[2013-06-04T21:09:26+02:00] 1
[2013-06-04T21:11:36+02:00] LibXmlRpc_BeginTurn
[2013-06-04T21:11:36+02:00] Array
(
    [0] => 2
)

[2013-06-04T21:11:36+02:00] startTurn
[2013-06-04T21:11:36+02:00] 2
[2013-06-04T21:12:41+02:00] LibXmlRpc_Rankings
[2013-06-04T21:12:41+02:00] Array
(
    [0] => w1lla:0;*fakeplayer2*:0;*fakeplayer3*:0;*fakeplayer4*:0;*fakeplayer5*:0;*fakeplayer6*:0;*fakeplayer1*:0
)

[2013-06-04T21:12:41+02:00] LibXmlRpc_EndTurn
[2013-06-04T21:12:41+02:00] Array
(
    [0] => 2
)

[2013-06-04T21:12:41+02:00] EndTurn
[2013-06-04T21:12:41+02:00] {
	"Timestamp": 370780,
	"TurnNumber": 2,"StartTime": 310780,"EndTime": 370780,"PoleTime": 355780,"AttackingClan": 2,"DefendingClan": 1,
"AttackingPlayer":
{
	"Login": "*fakeplayer4*",
	"Name": "Player #4",
	"CurrentClan": 2,
	"Armor": 300,
	"ArmorMax": 300,
	"IsTouchingGround": true,
	"IsCapturing": false,
	"IsInOffZone": false
	,
"Score": 
{
	"AtkPoints": 0,"DefPoints": 0
}
},"TurnWinnerClan": 1,"WinType": "TimeLimit" ,"Clan1RoundScore": 1,"Clan2RoundScore": 1,"Clan1MapScore": 0,"Clan2MapScore": 0,
"ScoresTable":
[
	{"Login": "*fakeplayer2*" ,"CurrentClan": 1,"AtkPoints": 0,"DefPoints": 0},{"Login": "*fakeplayer3*" ,"CurrentClan": 1,"AtkPoints": 0,"DefPoints": 0},{"Login": "*fakeplayer1*" ,"CurrentClan": 1,"AtkPoints": 0,"DefPoints": 0},{"Login": "*fakeplayer5*" ,"CurrentClan": 2,"AtkPoints": 0,"DefPoints": 0},{"Login": "*fakeplayer6*" ,"CurrentClan": 2,"AtkPoints": 0,"DefPoints": 0},{"Login": "*fakeplayer4*" ,"CurrentClan": 2,"AtkPoints": 0,"DefPoints": 0}
] }
[2013-06-04T21:12:49+02:00] startTurn
[2013-06-04T21:12:49+02:00] 3
[2013-06-04T21:12:49+02:00] BeginTurn
[2013-06-04T21:12:49+02:00] {
	"Timestamp": 378330,
	"TurnNumber": 3,"StartTime": 381330,"EndTime": 441330,"PoleTime": 426330,"AttackingClan": 1,"DefendingClan": 2,
"AttackingPlayer":
{
	"Login": "*fakeplayer2*",
	"Name": "Player #2",
	"CurrentClan": 1,
	"Armor": 300,
	"ArmorMax": 300,
	"IsTouchingGround": false,
	"IsCapturing": false,
	"IsInOffZone": false
	,
"Score": 
{
	"AtkPoints": 0,"DefPoints": 0
}
},
"DefendingPlayers":
[
	{"Login": "*fakeplayer5*" ,"CurrentClan": 2,"AtkPoints": 0,"DefPoints": 0},{"Login": "*fakeplayer6*" ,"CurrentClan": 2,"AtkPoints": 0,"DefPoints": 0},{"Login": "*fakeplayer4*" ,"CurrentClan": 2,"AtkPoints": 0,"DefPoints": 0}
] }
[2013-06-04T21:13:54+02:00] LibXmlRpc_Rankings
[2013-06-04T21:13:54+02:00] Array
(
    [0] => w1lla:0;*fakeplayer2*:0;*fakeplayer3*:0;*fakeplayer4*:0;*fakeplayer5*:0;*fakeplayer6*:0;*fakeplayer1*:0
)

[2013-06-04T21:13:54+02:00] LibXmlRpc_EndTurn
[2013-06-04T21:13:54+02:00] Array
(
    [0] => 3
)

[2013-06-04T21:13:54+02:00] EndTurn
[2013-06-04T21:13:54+02:00] {
	"Timestamp": 441330,
	"TurnNumber": 3,"StartTime": 381330,"EndTime": 441330,"PoleTime": 426330,"AttackingClan": 1,"DefendingClan": 2,
"AttackingPlayer":
{
	"Login": "*fakeplayer2*",
	"Name": "Player #2",
	"CurrentClan": 1,
	"Armor": 300,
	"ArmorMax": 300,
	"IsTouchingGround": true,
	"IsCapturing": false,
	"IsInOffZone": false
	,
"Score": 
{
	"AtkPoints": 0,"DefPoints": 0
}
},"TurnWinnerClan": 2,"WinType": "TimeLimit" ,"Clan1RoundScore": 1,"Clan2RoundScore": 2,"Clan1MapScore": 0,"Clan2MapScore": 0,
"ScoresTable":
[
	{"Login": "*fakeplayer3*" ,"CurrentClan": 1,"AtkPoints": 0,"DefPoints": 0},{"Login": "*fakeplayer1*" ,"CurrentClan": 1,"AtkPoints": 0,"DefPoints": 0},{"Login": "*fakeplayer2*" ,"CurrentClan": 1,"AtkPoints": 0,"DefPoints": 0},{"Login": "*fakeplayer5*" ,"CurrentClan": 2,"AtkPoints": 0,"DefPoints": 0},{"Login": "*fakeplayer6*" ,"CurrentClan": 2,"AtkPoints": 0,"DefPoints": 0},{"Login": "*fakeplayer4*" ,"CurrentClan": 2,"AtkPoints": 0,"DefPoints": 0}
] }
[2013-06-04T21:15:08+02:00] LibXmlRpc_BeginTurn
[2013-06-04T21:15:08+02:00] Array
(
    [0] => 5
)

[2013-06-04T21:15:08+02:00] startTurn
[2013-06-04T21:15:08+02:00] 5
[2013-06-04T21:16:13+02:00] LibXmlRpc_Rankings
[2013-06-04T21:16:13+02:00] Array
(
    [0] => w1lla:0;*fakeplayer2*:0;*fakeplayer3*:0;*fakeplayer4*:0;*fakeplayer5*:0;*fakeplayer6*:0;*fakeplayer1*:0
)

[2013-06-04T21:16:13+02:00] LibXmlRpc_EndTurn
[2013-06-04T21:16:13+02:00] Array
(
    [0] => 5
)

[2013-06-04T21:16:13+02:00] EndTurn
[2013-06-04T21:16:13+02:00] {
	"Timestamp": 582440,
	"TurnNumber": 5,"StartTime": 522440,"EndTime": 582440,"PoleTime": 567440,"AttackingClan": 1,"DefendingClan": 2,
"AttackingPlayer":
{
	"Login": "*fakeplayer3*",
	"Name": "Player #3",
	"CurrentClan": 1,
	"Armor": 300,
	"ArmorMax": 300,
	"IsTouchingGround": true,
	"IsCapturing": false,
	"IsInOffZone": false
	,
"Score": 
{
	"AtkPoints": 0,"DefPoints": 0
}
},"TurnWinnerClan": 2,"WinType": "TimeLimit" ,"Clan1RoundScore": 2,"Clan2RoundScore": 3,"Clan1MapScore": 0,"Clan2MapScore": 0,
"ScoresTable":
[
	{"Login": "*fakeplayer1*" ,"CurrentClan": 1,"AtkPoints": 0,"DefPoints": 0},{"Login": "*fakeplayer2*" ,"CurrentClan": 1,"AtkPoints": 0,"DefPoints": 0},{"Login": "*fakeplayer3*" ,"CurrentClan": 1,"AtkPoints": 0,"DefPoints": 0},{"Login": "*fakeplayer6*" ,"CurrentClan": 2,"AtkPoints": 0,"DefPoints": 0},{"Login": "*fakeplayer4*" ,"CurrentClan": 2,"AtkPoints": 0,"DefPoints": 0},{"Login": "*fakeplayer5*" ,"CurrentClan": 2,"AtkPoints": 0,"DefPoints": 0}
] }
[2013-06-04T21:16:21+02:00] LibXmlRpc_BeginTurn
[2013-06-04T21:16:21+02:00] Array
(
    [0] => 6
)

[2013-06-04T21:16:21+02:00] startTurn
[2013-06-04T21:16:21+02:00] 6
[2013-06-04T21:16:21+02:00] BeginTurn
[2013-06-04T21:16:21+02:00] {
	"Timestamp": 589980,
	"TurnNumber": 6,"StartTime": 592980,"EndTime": 652980,"PoleTime": 637980,"AttackingClan": 2,"DefendingClan": 1,
"AttackingPlayer":
{
	"Login": "*fakeplayer6*",
	"Name": "Player #6",
	"CurrentClan": 2,
	"Armor": 300,
	"ArmorMax": 300,
	"IsTouchingGround": false,
	"IsCapturing": false,
	"IsInOffZone": false
	,
"Score": 
{
	"AtkPoints": 0,"DefPoints": 0
}
},
"DefendingPlayers":
[
	{"Login": "*fakeplayer1*" ,"CurrentClan": 1,"AtkPoints": 0,"DefPoints": 0},{"Login": "*fakeplayer2*" ,"CurrentClan": 1,"AtkPoints": 0,"DefPoints": 0},{"Login": "*fakeplayer3*" ,"CurrentClan": 1,"AtkPoints": 0,"DefPoints": 0}
] }
[2013-06-04T21:17:26+02:00] LibXmlRpc_Rankings
[2013-06-04T21:17:26+02:00] Array
(
    [0] => w1lla:0;*fakeplayer2*:0;*fakeplayer3*:0;*fakeplayer4*:0;*fakeplayer5*:0;*fakeplayer6*:0;*fakeplayer1*:0
)

[2013-06-04T21:17:26+02:00] LibXmlRpc_EndTurn
[2013-06-04T21:17:26+02:00] Array
(
    [0] => 6
)

[2013-06-04T21:17:26+02:00] EndTurn
[2013-06-04T21:17:26+02:00] {
	"Timestamp": 652980,
	"TurnNumber": 6,"StartTime": 592980,"EndTime": 652980,"PoleTime": 637980,"AttackingClan": 2,"DefendingClan": 1,
"AttackingPlayer":
{
	"Login": "*fakeplayer6*",
	"Name": "Player #6",
	"CurrentClan": 2,
	"Armor": 300,
	"ArmorMax": 300,
	"IsTouchingGround": true,
	"IsCapturing": false,
	"IsInOffZone": false
	,
"Score": 
{
	"AtkPoints": 0,"DefPoints": 0
}
},"TurnWinnerClan": 1,"WinType": "TimeLimit" ,"Clan1RoundScore": 3,"Clan2RoundScore": 3,"Clan1MapScore": 0,"Clan2MapScore": 0,
"ScoresTable":
[
	{"Login": "*fakeplayer1*" ,"CurrentClan": 1,"AtkPoints": 0,"DefPoints": 0},{"Login": "*fakeplayer2*" ,"CurrentClan": 1,"AtkPoints": 0,"DefPoints": 0},{"Login": "*fakeplayer3*" ,"CurrentClan": 1,"AtkPoints": 0,"DefPoints": 0},{"Login": "*fakeplayer4*" ,"CurrentClan": 2,"AtkPoints": 0,"DefPoints": 0},{"Login": "*fakeplayer5*" ,"CurrentClan": 2,"AtkPoints": 0,"DefPoints": 0},{"Login": "*fakeplayer6*" ,"CurrentClan": 2,"AtkPoints": 0,"DefPoints": 0}
] }
[2013-06-04T21:18:39+02:00] LibXmlRpc_BeginTurn
[2013-06-04T21:18:39+02:00] Array
(
    [0] => 8
)

[2013-06-04T21:18:39+02:00] startTurn
[2013-06-04T21:18:39+02:00] 8
[2013-06-04T21:19:44+02:00] LibXmlRpc_Rankings
[2013-06-04T21:19:44+02:00] Array
(
    [0] => w1lla:0;*fakeplayer2*:0;*fakeplayer3*:0;*fakeplayer4*:0;*fakeplayer5*:0;*fakeplayer6*:0;*fakeplayer1*:0
)

[2013-06-04T21:19:44+02:00] LibXmlRpc_EndTurn
[2013-06-04T21:19:44+02:00] Array
(
    [0] => 8
)

[2013-06-04T21:19:44+02:00] EndTurn
[2013-06-04T21:19:44+02:00] {
	"Timestamp": 794080,
	"TurnNumber": 8,"StartTime": 734080,"EndTime": 794080,"PoleTime": 779080,"AttackingClan": 2,"DefendingClan": 1,
"AttackingPlayer":
{
	"Login": "*fakeplayer4*",
	"Name": "Player #4",
	"CurrentClan": 2,
	"Armor": 300,
	"ArmorMax": 300,
	"IsTouchingGround": true,
	"IsCapturing": false,
	"IsInOffZone": false
	,
"Score": 
{
	"AtkPoints": 0,"DefPoints": 0
}
},"TurnWinnerClan": 1,"WinType": "TimeLimit" ,"Clan1RoundScore": 4,"Clan2RoundScore": 4,"Clan1MapScore": 0,"Clan2MapScore": 0,
"ScoresTable":
[
	{"Login": "*fakeplayer2*" ,"CurrentClan": 1,"AtkPoints": 0,"DefPoints": 0},{"Login": "*fakeplayer3*" ,"CurrentClan": 1,"AtkPoints": 0,"DefPoints": 0},{"Login": "*fakeplayer1*" ,"CurrentClan": 1,"AtkPoints": 0,"DefPoints": 0},{"Login": "*fakeplayer5*" ,"CurrentClan": 2,"AtkPoints": 0,"DefPoints": 0},{"Login": "*fakeplayer6*" ,"CurrentClan": 2,"AtkPoints": 0,"DefPoints": 0},{"Login": "*fakeplayer4*" ,"CurrentClan": 2,"AtkPoints": 0,"DefPoints": 0}
] }
[2013-06-04T21:19:53+02:00] LibXmlRpc_BeginTurn
[2013-06-04T21:19:53+02:00] Array
(
    [0] => 9
)

[2013-06-04T21:19:53+02:00] startTurn
[2013-06-04T21:19:53+02:00] 9
[2013-06-04T21:19:53+02:00] BeginTurn
[2013-06-04T21:19:53+02:00] {
	"Timestamp": 801640,
	"TurnNumber": 9,"StartTime": 804640,"EndTime": 864640,"PoleTime": 849640,"AttackingClan": 1,"DefendingClan": 2,
"AttackingPlayer":
{
	"Login": "*fakeplayer2*",
	"Name": "Player #2",
	"CurrentClan": 1,
	"Armor": 300,
	"ArmorMax": 300,
	"IsTouchingGround": false,
	"IsCapturing": false,
	"IsInOffZone": false
	,
"Score": 
{
	"AtkPoints": 0,"DefPoints": 0
}
},
"DefendingPlayers":
[
	{"Login": "*fakeplayer5*" ,"CurrentClan": 2,"AtkPoints": 0,"DefPoints": 0},{"Login": "*fakeplayer6*" ,"CurrentClan": 2,"AtkPoints": 0,"DefPoints": 0},{"Login": "*fakeplayer4*" ,"CurrentClan": 2,"AtkPoints": 0,"DefPoints": 0}
] }
[2013-06-04T21:20:58+02:00] LibXmlRpc_Rankings
[2013-06-04T21:20:58+02:00] Array
(
    [0] => w1lla:0;*fakeplayer2*:0;*fakeplayer3*:0;*fakeplayer4*:0;*fakeplayer5*:0;*fakeplayer6*:0;*fakeplayer1*:0
)

[2013-06-04T21:20:58+02:00] LibXmlRpc_EndTurn
[2013-06-04T21:20:58+02:00] Array
(
    [0] => 9
)

[2013-06-04T21:20:58+02:00] EndTurn
[2013-06-04T21:20:58+02:00] {
	"Timestamp": 864640,
	"TurnNumber": 9,"StartTime": 804640,"EndTime": 864640,"PoleTime": 849640,"AttackingClan": 1,"DefendingClan": 2,
"AttackingPlayer":
{
	"Login": "*fakeplayer2*",
	"Name": "Player #2",
	"CurrentClan": 1,
	"Armor": 300,
	"ArmorMax": 300,
	"IsTouchingGround": true,
	"IsCapturing": false,
	"IsInOffZone": false
	,
"Score": 
{
	"AtkPoints": 0,"DefPoints": 0
}
},"TurnWinnerClan": 2,"WinType": "TimeLimit" ,"Clan1RoundScore": 4,"Clan2RoundScore": 5,"Clan1MapScore": 0,"Clan2MapScore": 0,
"ScoresTable":
[
	{"Login": "*fakeplayer3*" ,"CurrentClan": 1,"AtkPoints": 0,"DefPoints": 0},{"Login": "*fakeplayer1*" ,"CurrentClan": 1,"AtkPoints": 0,"DefPoints": 0},{"Login": "*fakeplayer2*" ,"CurrentClan": 1,"AtkPoints": 0,"DefPoints": 0},{"Login": "*fakeplayer5*" ,"CurrentClan": 2,"AtkPoints": 0,"DefPoints": 0},{"Login": "*fakeplayer6*" ,"CurrentClan": 2,"AtkPoints": 0,"DefPoints": 0},{"Login": "*fakeplayer4*" ,"CurrentClan": 2,"AtkPoints": 0,"DefPoints": 0}
] }
[2013-06-04T21:22:11+02:00] LibXmlRpc_BeginTurn
[2013-06-04T21:22:11+02:00] Array
(
    [0] => 11
)

[2013-06-04T21:22:11+02:00] startTurn
[2013-06-04T21:22:11+02:00] 11
[2013-06-04T21:23:16+02:00] LibXmlRpc_Rankings
[2013-06-04T21:23:16+02:00] Array
(
    [0] => w1lla:0;*fakeplayer2*:0;*fakeplayer3*:0;*fakeplayer4*:0;*fakeplayer5*:0;*fakeplayer6*:0;*fakeplayer1*:0
)

[2013-06-04T21:23:16+02:00] LibXmlRpc_EndTurn
[2013-06-04T21:23:16+02:00] Array
(
    [0] => 11
)

[2013-06-04T21:23:16+02:00] EndTurn
[2013-06-04T21:23:16+02:00] {
	"Timestamp": 1005750,
	"TurnNumber": 11,"StartTime": 945750,"EndTime": 1005750,"PoleTime": 990750,"AttackingClan": 1,"DefendingClan": 2,
"AttackingPlayer":
{
	"Login": "*fakeplayer3*",
	"Name": "Player #3",
	"CurrentClan": 1,
	"Armor": 300,
	"ArmorMax": 300,
	"IsTouchingGround": true,
	"IsCapturing": false,
	"IsInOffZone": false
	,
"Score": 
{
	"AtkPoints": 0,"DefPoints": 0
}
},"TurnWinnerClan": 2,"WinType": "TimeLimit" ,"Clan1RoundScore": 5,"Clan2RoundScore": 6,"Clan1MapScore": 0,"Clan2MapScore": 0,
"ScoresTable":
[
	{"Login": "*fakeplayer1*" ,"CurrentClan": 1,"AtkPoints": 0,"DefPoints": 0},{"Login": "*fakeplayer2*" ,"CurrentClan": 1,"AtkPoints": 0,"DefPoints": 0},{"Login": "*fakeplayer3*" ,"CurrentClan": 1,"AtkPoints": 0,"DefPoints": 0},{"Login": "*fakeplayer6*" ,"CurrentClan": 2,"AtkPoints": 0,"DefPoints": 0},{"Login": "*fakeplayer4*" ,"CurrentClan": 2,"AtkPoints": 0,"DefPoints": 0},{"Login": "*fakeplayer5*" ,"CurrentClan": 2,"AtkPoints": 0,"DefPoints": 0}
] }
[2013-06-04T21:23:24+02:00] LibXmlRpc_BeginTurn
[2013-06-04T21:23:24+02:00] Array
(
    [0] => 12
)

[2013-06-04T21:23:24+02:00] startTurn
[2013-06-04T21:23:24+02:00] 12
[2013-06-04T21:23:24+02:00] BeginTurn
[2013-06-04T21:23:24+02:00] {
	"Timestamp": 1013310,
	"TurnNumber": 12,"StartTime": 1016310,"EndTime": 1076310,"PoleTime": 1061310,"AttackingClan": 2,"DefendingClan": 1,
"AttackingPlayer":
{
	"Login": "*fakeplayer6*",
	"Name": "Player #6",
	"CurrentClan": 2,
	"Armor": 300,
	"ArmorMax": 300,
	"IsTouchingGround": false,
	"IsCapturing": false,
	"IsInOffZone": false
	,
"Score": 
{
	"AtkPoints": 0,"DefPoints": 0
}
},
"DefendingPlayers":
[
	{"Login": "*fakeplayer1*" ,"CurrentClan": 1,"AtkPoints": 0,"DefPoints": 0},{"Login": "*fakeplayer2*" ,"CurrentClan": 1,"AtkPoints": 0,"DefPoints": 0},{"Login": "*fakeplayer3*" ,"CurrentClan": 1,"AtkPoints": 0,"DefPoints": 0}
] }
[2013-06-04T21:24:29+02:00] LibXmlRpc_Rankings
[2013-06-04T21:24:29+02:00] Array
(
    [0] => w1lla:0;*fakeplayer2*:0;*fakeplayer3*:0;*fakeplayer4*:0;*fakeplayer5*:0;*fakeplayer6*:0;*fakeplayer1*:0
)

[2013-06-04T21:24:29+02:00] LibXmlRpc_EndTurn
[2013-06-04T21:24:29+02:00] Array
(
    [0] => 12
)

[2013-06-04T21:24:29+02:00] EndTurn
[2013-06-04T21:24:29+02:00] {
	"Timestamp": 1076310,
	"TurnNumber": 12,"StartTime": 1016310,"EndTime": 1076310,"PoleTime": 1061310,"AttackingClan": 2,"DefendingClan": 1,
"AttackingPlayer":
{
	"Login": "*fakeplayer6*",
	"Name": "Player #6",
	"CurrentClan": 2,
	"Armor": 300,
	"ArmorMax": 300,
	"IsTouchingGround": true,
	"IsCapturing": false,
	"IsInOffZone": false
	,
"Score": 
{
	"AtkPoints": 0,"DefPoints": 0
}
},"TurnWinnerClan": 1,"WinType": "TimeLimit" ,"Clan1RoundScore": 6,"Clan2RoundScore": 6,"Clan1MapScore": 0,"Clan2MapScore": 0,
"ScoresTable":
[
	{"Login": "*fakeplayer1*" ,"CurrentClan": 1,"AtkPoints": 0,"DefPoints": 0},{"Login": "*fakeplayer2*" ,"CurrentClan": 1,"AtkPoints": 0,"DefPoints": 0},{"Login": "*fakeplayer3*" ,"CurrentClan": 1,"AtkPoints": 0,"DefPoints": 0},{"Login": "*fakeplayer4*" ,"CurrentClan": 2,"AtkPoints": 0,"DefPoints": 0},{"Login": "*fakeplayer5*" ,"CurrentClan": 2,"AtkPoints": 0,"DefPoints": 0},{"Login": "*fakeplayer6*" ,"CurrentClan": 2,"AtkPoints": 0,"DefPoints": 0}
] }
[2013-06-04T21:24:37+02:00] BeginTurn
[2013-06-04T21:24:37+02:00] {
	"Timestamp": 1083880,
	"TurnNumber": 13,"StartTime": 1086880,"EndTime": 1146880,"PoleTime": 1131880,"AttackingClan": 1,"DefendingClan": 2,
"AttackingPlayer":
{
	"Login": "*fakeplayer1*",
	"Name": "Player #1",
	"CurrentClan": 1,
	"Armor": 300,
	"ArmorMax": 300,
	"IsTouchingGround": false,
	"IsCapturing": false,
	"IsInOffZone": false
	,
"Score": 
{
	"AtkPoints": 0,"DefPoints": 0
}
},
"DefendingPlayers":
[
	{"Login": "*fakeplayer4*" ,"CurrentClan": 2,"AtkPoints": 0,"DefPoints": 0},{"Login": "*fakeplayer5*" ,"CurrentClan": 2,"AtkPoints": 0,"DefPoints": 0},{"Login": "*fakeplayer6*" ,"CurrentClan": 2,"AtkPoints": 0,"DefPoints": 0}
] }
[2013-06-04T21:25:43+02:00] LibXmlRpc_BeginTurn
[2013-06-04T21:25:43+02:00] Array
(
    [0] => 14
)

[2013-06-04T21:25:43+02:00] startTurn
[2013-06-04T21:25:43+02:00] 14
